<?xml version="1.0" encoding="utf-8"?><testsuites name="pytest tests"><testsuite name="pytest" errors="0" failures="0" skipped="0" tests="16" time="7.281" timestamp="2026-03-20T04:35:17.713087+00:00" hostname="agent-env-2ae4b22e-a616-434a-95f6-f0b26a355130"><testcase classname="backend.tests.test_qr_detail_customize.TestQRDetailEndpoint" name="test_details_returns_profile_info" time="0.549" /><testcase classname="backend.tests.test_qr_detail_customize.TestQRDetailEndpoint" name="test_details_profile_contains_required_fields" time="0.439" /><testcase classname="backend.tests.test_qr_detail_customize.TestQRDetailEndpoint" name="test_details_daily_data_has_30_days" time="0.436" /><testcase classname="backend.tests.test_qr_detail_customize.TestQRDetailEndpoint" name="test_details_requires_auth" time="0.108" /><testcase classname="backend.tests.test_qr_detail_customize.TestQRDetailEndpoint" name="test_details_not_found_for_invalid_id" time="0.424" /><testcase classname="backend.tests.test_qr_detail_customize.TestQRGenerateEndpoint" name="test_generate_qr_returns_png" time="0.500" /><testcase classname="backend.tests.test_qr_detail_customize.TestQRGenerateEndpoint" name="test_generate_qr_requires_auth" time="0.100" /><testcase classname="backend.tests.test_qr_detail_customize.TestQRGenerateEndpoint" name="test_generate_qr_not_found_for_invalid_id" time="0.653" /><testcase classname="backend.tests.test_qr_detail_customize.TestQRGenerateCustomEndpoint" name="test_generate_qr_custom_default_params" time="0.504" /><testcase classname="backend.tests.test_qr_detail_customize.TestQRGenerateCustomEndpoint" name="test_generate_qr_custom_with_colors" time="0.503" /><testcase classname="backend.tests.test_qr_detail_customize.TestQRGenerateCustomEndpoint" name="test_generate_qr_custom_with_size" time="0.458" /><testcase classname="backend.tests.test_qr_detail_customize.TestQRGenerateCustomEndpoint" name="test_generate_qr_custom_all_params" time="0.471" /><testcase classname="backend.tests.test_qr_detail_customize.TestQRGenerateCustomEndpoint" name="test_generate_qr_custom_extreme_values_clamped" time="0.500" /><testcase classname="backend.tests.test_qr_detail_customize.TestQRGenerateCustomEndpoint" name="test_generate_qr_custom_requires_auth" time="0.097" /><testcase classname="backend.tests.test_qr_detail_customize.TestQRDetailIntegration" name="test_full_detail_flow" time="0.947" /><testcase classname="backend.tests.test_qr_detail_customize.TestQRDetailIntegration" name="test_public_profile_access_with_hash" time="0.522" /></testsuite></testsuites>