<?xml version="1.0" encoding="utf-8"?><testsuites name="pytest tests"><testsuite name="pytest" errors="0" failures="0" skipped="0" tests="25" time="5.207" timestamp="2026-03-20T04:50:19.661158+00:00" hostname="agent-env-2ae4b22e-a616-434a-95f6-f0b26a355130"><testcase classname="backend.tests.test_admin_panel.TestAdminAuthentication" name="test_admin_login_success" time="0.383" /><testcase classname="backend.tests.test_admin_panel.TestAdminAuthentication" name="test_regular_user_not_admin" time="0.345" /><testcase classname="backend.tests.test_admin_panel.TestAdminAnalytics" name="test_get_analytics_as_admin" time="0.459" /><testcase classname="backend.tests.test_admin_panel.TestAdminAnalytics" name="test_get_analytics_denied_for_regular_user" time="0.427" /><testcase classname="backend.tests.test_admin_panel.TestAdminDailyScans" name="test_get_daily_scans_as_admin" time="0.104" /><testcase classname="backend.tests.test_admin_panel.TestAdminDailyScans" name="test_get_daily_scans_denied_for_regular_user" time="0.138" /><testcase classname="backend.tests.test_admin_panel.TestAdminSettings" name="test_get_settings_as_admin" time="0.129" /><testcase classname="backend.tests.test_admin_panel.TestAdminSettings" name="test_put_settings_as_admin" time="0.240" /><testcase classname="backend.tests.test_admin_panel.TestAdminSettings" name="test_settings_denied_for_regular_user" time="0.107" /><testcase classname="backend.tests.test_admin_panel.TestAdminProfileTypesConfig" name="test_get_profile_types_config_as_admin" time="0.095" /><testcase classname="backend.tests.test_admin_panel.TestAdminProfileTypesConfig" name="test_put_profile_types_config_as_admin" time="0.238" /><testcase classname="backend.tests.test_admin_panel.TestAdminProfileTypesConfig" name="test_profile_types_config_denied_for_regular_user" time="0.105" /><testcase classname="backend.tests.test_admin_panel.TestAdminUsers" name="test_get_all_users_as_admin" time="0.101" /><testcase classname="backend.tests.test_admin_panel.TestAdminUsers" name="test_search_users_as_admin" time="0.097" /><testcase classname="backend.tests.test_admin_panel.TestAdminUsers" name="test_users_denied_for_regular_user" time="0.099" /><testcase classname="backend.tests.test_admin_panel.TestAdminQRProfiles" name="test_get_all_profiles_as_admin" time="0.116" /><testcase classname="backend.tests.test_admin_panel.TestAdminQRProfiles" name="test_filter_profiles_by_status" time="0.111" /><testcase classname="backend.tests.test_admin_panel.TestAdminQRProfiles" name="test_filter_profiles_by_type" time="0.103" /><testcase classname="backend.tests.test_admin_panel.TestAdminQRProfiles" name="test_search_profiles" time="0.099" /><testcase classname="backend.tests.test_admin_panel.TestAdminQRProfiles" name="test_profiles_denied_for_regular_user" time="0.103" /><testcase classname="backend.tests.test_admin_panel.TestAdminQRDownload" name="test_download_qr_as_admin" time="0.282" /><testcase classname="backend.tests.test_admin_panel.TestAdminQRDownload" name="test_download_qr_denied_for_regular_user" time="0.194" /><testcase classname="backend.tests.test_admin_panel.TestAdminProfileUpdate" name="test_admin_update_profile_status" time="0.439" /><testcase classname="backend.tests.test_admin_panel.TestAdminProfileUpdate" name="test_admin_update_profile" time="0.291" /><testcase classname="backend.tests.test_admin_panel.TestAdminUserUpdate" name="test_admin_update_user" time="0.308" /></testsuite></testsuites>