<?xml version="1.0" encoding="utf-8"?><testsuites name="pytest tests"><testsuite name="pytest" errors="0" failures="0" skipped="0" tests="25" time="10.000" timestamp="2026-03-20T04:14:18.587616+00:00" hostname="agent-env-2ae4b22e-a616-434a-95f6-f0b26a355130"><testcase classname="backend.tests.test_qr_profiles_api.TestHealthAndBasicEndpoints" name="test_api_root" time="0.243" /><testcase classname="backend.tests.test_qr_profiles_api.TestHealthAndBasicEndpoints" name="test_products_endpoint" time="0.116" /><testcase classname="backend.tests.test_qr_profiles_api.TestAuthentication" name="test_login_admin_success" time="0.379" /><testcase classname="backend.tests.test_qr_profiles_api.TestAuthentication" name="test_login_invalid_credentials" time="0.103" /><testcase classname="backend.tests.test_qr_profiles_api.TestAuthentication" name="test_register_business_user" time="0.477" /><testcase classname="backend.tests.test_qr_profiles_api.TestAuthentication" name="test_register_personal_user" time="0.332" /><testcase classname="backend.tests.test_qr_profiles_api.TestScanHistoryEndpoint" name="test_scan_history_returns_correct_structure" time="0.425" /><testcase classname="backend.tests.test_qr_profiles_api.TestScanHistoryEndpoint" name="test_scan_history_with_filters" time="0.462" /><testcase classname="backend.tests.test_qr_profiles_api.TestScanHistoryEndpoint" name="test_scan_history_without_auth" time="0.114" /><testcase classname="backend.tests.test_qr_profiles_api.TestQRProfilesCRUD" name="test_create_hotel_profile" time="0.460" /><testcase classname="backend.tests.test_qr_profiles_api.TestQRProfilesCRUD" name="test_create_wifi_profile" time="0.433" /><testcase classname="backend.tests.test_qr_profiles_api.TestQRProfilesCRUD" name="test_create_tarjeta_profile" time="0.456" /><testcase classname="backend.tests.test_qr_profiles_api.TestQRProfilesCRUD" name="test_create_catalogo_profile" time="0.423" /><testcase classname="backend.tests.test_qr_profiles_api.TestQRProfilesCRUD" name="test_create_turismo_profile" time="0.456" /><testcase classname="backend.tests.test_qr_profiles_api.TestQRProfilesCRUD" name="test_create_redes_profile" time="0.456" /><testcase classname="backend.tests.test_qr_profiles_api.TestQRProfilesCRUD" name="test_create_evento_profile" time="0.447" /><testcase classname="backend.tests.test_qr_profiles_api.TestQRProfilesCRUD" name="test_create_checkin_profile" time="0.447" /><testcase classname="backend.tests.test_qr_profiles_api.TestQRProfilesCRUD" name="test_create_encuesta_profile" time="0.438" /><testcase classname="backend.tests.test_qr_profiles_api.TestQRProfilesCRUD" name="test_create_medico_profile" time="0.422" /><testcase classname="backend.tests.test_qr_profiles_api.TestQRProfilesCRUD" name="test_create_mascota_profile" time="0.445" /><testcase classname="backend.tests.test_qr_profiles_api.TestQRProfilesCRUD" name="test_create_vehiculo_profile" time="0.439" /><testcase classname="backend.tests.test_qr_profiles_api.TestQRProfilesCRUD" name="test_create_nino_profile" time="0.435" /><testcase classname="backend.tests.test_qr_profiles_api.TestQRProfilesCRUD" name="test_personal_user_cannot_create_business_profile" time="0.438" /><testcase classname="backend.tests.test_qr_profiles_api.TestPublicProfileAccess" name="test_public_profile_access" time="0.528" /><testcase classname="backend.tests.test_qr_profiles_api.TestPublicProfileAccess" name="test_public_profile_scan_register" time="0.537" /></testsuite></testsuites>